<?xml version="1.0" encoding="UTF-8"?>
<!-- Generated by org.testng.reporters.JUnitReportReporter -->
<testsuite skipped="0" hostname="DESKTOP-JI3ES7M" name="com.saveyra.tests.CreateAwatarCard" tests="1" failures="0" timestamp="12 Dec 2018 06:51:22 GMT" time="90.583" errors="0">
  <testcase name="SignupCard" time="90.583" classname="com.saveyra.tests.CreateAwatarCard"/>
</testsuite> <!-- com.saveyra.tests.CreateAwatarCard -->
