<?xml version="1.0" encoding="UTF-8"?>
<!-- Generated by org.testng.reporters.JUnitReportReporter -->
<testsuite skipped="0" hostname="DESKTOP-JI3ES7M" name="com.saveyra.tests.facebookLoginAndShareSticker" tests="1" failures="0" timestamp="13 Dec 2018 10:57:32 GMT" time="104.738" errors="0">
  <testcase name="signup" time="104.738" classname="com.saveyra.tests.facebookLoginAndShareSticker"/>
</testsuite> <!-- com.saveyra.tests.facebookLoginAndShareSticker -->
