<?xml version="1.0" encoding="UTF-8"?>
<!-- Generated by org.testng.reporters.JUnitReportReporter -->
<testsuite skipped="0" hostname="DESKTOP-JI3ES7M" name="com.saveyra.tests.facebookLoginAndShare" tests="1" failures="0" timestamp="07 Dec 2018 09:49:33 GMT" time="96.019" errors="0">
  <testcase name="signup" time="96.019" classname="com.saveyra.tests.facebookLoginAndShare"/>
</testsuite> <!-- com.saveyra.tests.facebookLoginAndShare -->
