<?xml version="1.0" encoding="UTF-8"?>
<!-- Generated by org.testng.reporters.JUnitReportReporter -->
<testsuite skipped="0" hostname="DESKTOP-JI3ES7M" name="com.saveyra.tests.SignupCardLogin" tests="1" failures="0" timestamp="13 Dec 2018 12:02:50 GMT" time="91.397" errors="0">
  <testcase name="SignupCard" time="91.397" classname="com.saveyra.tests.SignupCardLogin"/>
</testsuite> <!-- com.saveyra.tests.SignupCardLogin -->
