<?xml version="1.0" encoding="UTF-8"?>
<!-- Generated by org.testng.reporters.JUnitReportReporter -->
<testsuite skipped="0" hostname="DESKTOP-JI3ES7M" name="com.saveyra.tests.MediaAccessCard" tests="1" failures="0" timestamp="14 Dec 2018 08:35:06 GMT" time="57.838" errors="0">
  <testcase name="MediaAccesCard" time="57.838" classname="com.saveyra.tests.MediaAccessCard"/>
</testsuite> <!-- com.saveyra.tests.MediaAccessCard -->
