<?xml version="1.0" encoding="UTF-8"?>
<!-- Generated by org.testng.reporters.JUnitReportReporter -->
<testsuite skipped="0" hostname="DESKTOP-JI3ES7M" name="com.saveyra.tests.LocationAccessCard" tests="1" failures="0" timestamp="14 Dec 2018 09:19:51 GMT" time="54.569" errors="0">
  <testcase name="locationAccessCard" time="54.569" classname="com.saveyra.tests.LocationAccessCard"/>
</testsuite> <!-- com.saveyra.tests.LocationAccessCard -->
